;  LST file generated by mikroListExporter - v.2.0 
; Date/Time: 13/10/2019 13:12:51
;----------------------------------------------

;Address Opcode 	ASM
0x0000	0xF000EFF0  	GOTO        480
0x0004	0x0000      	NOP
0x0006	0x0000      	NOP
0x0008	0xF000EF00  	GOTO        0
0x000C	0x0000      	NOP
0x000E	0x0000      	NOP
0x0010	0x0000      	NOP
0x0012	0x0000      	NOP
0x0014	0x0000      	NOP
0x0016	0x0000      	NOP
0x0018	0xD7F3      	BRA         0
_Delay_22us:
;__Lib_Delays.c,15 :: 		void Delay_22us() {
;__Lib_Delays.c,16 :: 		Delay_us(22);
0x001C	0x0E57      	MOVLW       87
0x001E	0x6E0D      	MOVWF       R13, 0
L_Delay_22us2:
0x0020	0x2E0D      	DECFSZ      R13, 1, 0
0x0022	0xD7FE      	BRA         L_Delay_22us2
0x0024	0x0000      	NOP
0x0026	0x0000      	NOP
;__Lib_Delays.c,17 :: 		}
L_end_Delay_22us:
0x0028	0x0012      	RETURN      0
; end of _Delay_22us
_ADC_Read:
;__Lib_ADC_A_D.c,35 :: 		
;__Lib_ADC_A_D.c,38 :: 		
0x002A	0x6AC2      	CLRF        ADCON0 
;__Lib_ADC_A_D.c,39 :: 		
0x002C	0x0E07      	MOVLW       7
0x002E	0x12C0      	IORWF       ADCON2, 1 
;__Lib_ADC_A_D.c,40 :: 		
0x0030	0x8EC0      	BSF         ADCON2, 7 
;__Lib_ADC_A_D.c,41 :: 		
0x0032	0xF000C03F  	MOVFF       FARG_ADC_Read_channel, R0
0x0036	0x3600      	RLCF        R0, 1 
0x0038	0x9000      	BCF         R0, 0 
0x003A	0x3600      	RLCF        R0, 1 
0x003C	0x9000      	BCF         R0, 0 
0x003E	0x5000      	MOVF        R0, 0 
0x0040	0x12C2      	IORWF       ADCON0, 1 
;__Lib_ADC_A_D.c,42 :: 		
0x0042	0x80C2      	BSF         ADCON0, 0 
;__Lib_ADC_A_D.c,43 :: 		
0x0044	0xDFEB      	RCALL       _Delay_22us
;__Lib_ADC_A_D.c,44 :: 		
0x0046	0x82C2      	BSF         ADCON0, 1 
;__Lib_ADC_A_D.c,45 :: 		
L_ADC_Read2:
0x0048	0xA2C2      	BTFSS       ADCON0, 1 
0x004A	0xD001      	BRA         L_ADC_Read3
;__Lib_ADC_A_D.c,46 :: 		
0x004C	0xD7FD      	BRA         L_ADC_Read2
L_ADC_Read3:
;__Lib_ADC_A_D.c,47 :: 		
0x004E	0xF001CFC4  	MOVFF       ADRESH, R1
0x0052	0x6A00      	CLRF        R0 
;__Lib_ADC_A_D.c,48 :: 		
0x0054	0x50C3      	MOVF        ADRESL, 0 
0x0056	0x1200      	IORWF       R0, 1 
0x0058	0x0E00      	MOVLW       0
0x005A	0x1201      	IORWF       R1, 1 
;__Lib_ADC_A_D.c,49 :: 		
0x005C	0x90C2      	BCF         ADCON0, 0 
;__Lib_ADC_A_D.c,51 :: 		
;__Lib_ADC_A_D.c,52 :: 		
L_end_ADC_Read:
0x005E	0x0012      	RETURN      0
; end of _ADC_Read
_Div_16x16_U:
;__Lib_Math.c,102 :: 		
;__Lib_Math.c,109 :: 		
0x0060	0x6A08      	CLRF        R8, 0
;__Lib_Math.c,110 :: 		
0x0062	0x6A09      	CLRF        R9, 0
;__Lib_Math.c,111 :: 		
0x0064	0x0E10      	MOVLW       16
;__Lib_Math.c,112 :: 		
0x0066	0x6E0C      	MOVWF       R12, 0
;__Lib_Math.c,113 :: 		
0x0068	0x3401      	RLCF        R1, 0, 0
;__Lib_Math.c,114 :: 		
0x006A	0x3608      	RLCF        R8, 1, 0
;__Lib_Math.c,115 :: 		
0x006C	0x3609      	RLCF        R9, 1, 0
;__Lib_Math.c,116 :: 		
0x006E	0x5004      	MOVF        R4, 0, 0
;__Lib_Math.c,117 :: 		
0x0070	0x5E08      	SUBWF       R8, 1, 0
;__Lib_Math.c,118 :: 		
0x0072	0x5005      	MOVF        R5, 0, 0
;__Lib_Math.c,119 :: 		
0x0074	0xA0D8      	BTFSS       STATUS, 0, 0
;__Lib_Math.c,120 :: 		
0x0076	0x3C05      	INCFSZ      R5, 0, 0
;__Lib_Math.c,121 :: 		
0x0078	0x5E09      	SUBWF       R9, 1, 0
;__Lib_Math.c,122 :: 		
0x007A	0xB0D8      	BTFSC       STATUS, 0, 0
;__Lib_Math.c,123 :: 		
0x007C	0xD007      	BRA         $+16
;__Lib_Math.c,124 :: 		
0x007E	0x5004      	MOVF        R4, 0, 0
;__Lib_Math.c,125 :: 		
0x0080	0x2608      	ADDWF       R8, 1, 0
;__Lib_Math.c,126 :: 		
0x0082	0x5005      	MOVF        R5, 0, 0
;__Lib_Math.c,127 :: 		
0x0084	0xB0D8      	BTFSC       STATUS, 0, 0
;__Lib_Math.c,128 :: 		
0x0086	0x3C05      	INCFSZ      R5, 0, 0
;__Lib_Math.c,129 :: 		
0x0088	0x2609      	ADDWF       R9, 1, 0
;__Lib_Math.c,130 :: 		
0x008A	0x90D8      	BCF         STATUS, 0, 0
;__Lib_Math.c,131 :: 		
0x008C	0x3600      	RLCF        R0, 1, 0
;__Lib_Math.c,132 :: 		
0x008E	0x3601      	RLCF        R1, 1, 0
;__Lib_Math.c,133 :: 		
0x0090	0x2E0C      	DECFSZ      R12, 1, 0
;__Lib_Math.c,134 :: 		
0x0092	0xD7EA      	BRA         $-42
;__Lib_Math.c,136 :: 		
L_end_Div_16x16_U:
0x0094	0x0012      	RETURN      0
; end of _Div_16x16_U
_send_data:
;ScrollLED.c,13 :: 		void send_data(unsigned int temp){
;ScrollLED.c,14 :: 		unsigned int Mask = 0x01, t, Flag;
0x0096	0x0E01      	MOVLW       1
0x0098	0x6E41      	MOVWF       send_data_Mask_L0 
0x009A	0x0E00      	MOVLW       0
0x009C	0x6E42      	MOVWF       send_data_Mask_L0+1 
;ScrollLED.c,15 :: 		for (t=0; t<16; t++){
0x009E	0x6A03      	CLRF        R3 
0x00A0	0x6A04      	CLRF        R4 
L_send_data0:
0x00A2	0x0E00      	MOVLW       0
0x00A4	0x5C04      	SUBWF       R4, 0 
0x00A6	0xE102      	BNZ         L__send_data29
0x00A8	0x0E10      	MOVLW       16
0x00AA	0x5C03      	SUBWF       R3, 0 
L__send_data29:
0x00AC	0xE217      	BC          L_send_data1
;ScrollLED.c,16 :: 		Flag = temp & Mask;
0x00AE	0x5041      	MOVF        send_data_Mask_L0, 0 
0x00B0	0x143F      	ANDWF       FARG_send_data_temp, 0 
0x00B2	0x6E01      	MOVWF       R1 
0x00B4	0x5040      	MOVF        FARG_send_data_temp+1, 0 
0x00B6	0x1442      	ANDWF       send_data_Mask_L0+1, 0 
0x00B8	0x6E02      	MOVWF       R2 
;ScrollLED.c,17 :: 		if(Flag==0) Serial_Data = 0;
0x00BA	0x0E00      	MOVLW       0
0x00BC	0x1802      	XORWF       R2, 0 
0x00BE	0xE102      	BNZ         L__send_data30
0x00C0	0x0E00      	MOVLW       0
0x00C2	0x1801      	XORWF       R1, 0 
L__send_data30:
0x00C4	0xE102      	BNZ         L_send_data3
0x00C6	0x9482      	BCF         RC2_bit, BitPos(RC2_bit+0) 
0x00C8	0xD001      	BRA         L_send_data4
L_send_data3:
;ScrollLED.c,18 :: 		else Serial_Data = 1;
0x00CA	0x8482      	BSF         RC2_bit, BitPos(RC2_bit+0) 
L_send_data4:
;ScrollLED.c,19 :: 		SH_Clk = 1;
0x00CC	0x8C82      	BSF         RC6_bit, BitPos(RC6_bit+0) 
;ScrollLED.c,20 :: 		SH_Clk = 0;
0x00CE	0x9C82      	BCF         RC6_bit, BitPos(RC6_bit+0) 
;ScrollLED.c,21 :: 		Mask = Mask << 1;
0x00D0	0x3641      	RLCF        send_data_Mask_L0, 1 
0x00D2	0x9041      	BCF         send_data_Mask_L0, 0 
0x00D4	0x3642      	RLCF        send_data_Mask_L0+1, 1 
;ScrollLED.c,15 :: 		for (t=0; t<16; t++){
0x00D6	0x4A03      	INFSNZ      R3, 1 
0x00D8	0x2A04      	INCF        R4, 1 
;ScrollLED.c,22 :: 		}
0x00DA	0xD7E3      	BRA         L_send_data0
L_send_data1:
;ScrollLED.c,24 :: 		ST_Clk = 1;
0x00DC	0x8E82      	BSF         RC7_bit, BitPos(RC7_bit+0) 
;ScrollLED.c,25 :: 		ST_Clk = 0;
0x00DE	0x9E82      	BCF         RC7_bit, BitPos(RC7_bit+0) 
;ScrollLED.c,27 :: 		}
L_end_send_data:
0x00E0	0x0012      	RETURN      0
; end of _send_data
_Mul_8x8_S:
;__Lib_Math.c,418 :: 		
;__Lib_Math.c,423 :: 		
0x00E2	0x5000      	MOVF        R0, 0, 0
;__Lib_Math.c,424 :: 		
0x00E4	0x0204      	MULWF       R4, 0
;__Lib_Math.c,426 :: 		
0x00E6	0xBE04      	BTFSC       R4, 7, 0
;__Lib_Math.c,427 :: 		
0x00E8	0x5EF4      	SUBWF       PRODH, 1, 0
;__Lib_Math.c,429 :: 		
0x00EA	0x5004      	MOVF        R4, 0, 0
;__Lib_Math.c,430 :: 		
0x00EC	0xBE00      	BTFSC       R0, 7, 0
;__Lib_Math.c,431 :: 		
0x00EE	0x5EF4      	SUBWF       PRODH, 1, 0
;__Lib_Math.c,433 :: 		
0x00F0	0xF000CFF3  	MOVFF       PRODL, R0
;__Lib_Math.c,434 :: 		
0x00F4	0xF001CFF4  	MOVFF       PRODH, R1
;__Lib_Math.c,436 :: 		
L_end_Mul_8x8_S:
0x00F8	0x0012      	RETURN      0
; end of _Mul_8x8_S
_strlen:
;__Lib_CString.c,143 :: 		
;__Lib_CString.c,146 :: 		
0x00FA	0xF002C03F  	MOVFF       FARG_strlen_s, R2
0x00FE	0xF003C040  	MOVFF       FARG_strlen_s+1, R3
;__Lib_CString.c,147 :: 		
L_strlen36:
0x0102	0xF000C002  	MOVFF       R2, R0
0x0106	0xF001C003  	MOVFF       R3, R1
0x010A	0x4A02      	INFSNZ      R2, 1 
0x010C	0x2A03      	INCF        R3, 1 
0x010E	0xFFE9C000  	MOVFF       R0, FSR0L
0x0112	0xFFEAC001  	MOVFF       R1, FSR0H
0x0116	0x52EE      	MOVF        POSTINC0, 1 
0x0118	0xE001      	BZ          L_strlen37
;__Lib_CString.c,148 :: 		
0x011A	0xD7F3      	BRA         L_strlen36
L_strlen37:
;__Lib_CString.c,149 :: 		
0x011C	0x503F      	MOVF        FARG_strlen_s, 0 
0x011E	0x5C02      	SUBWF       R2, 0 
0x0120	0x6E00      	MOVWF       R0 
0x0122	0x5040      	MOVF        FARG_strlen_s+1, 0 
0x0124	0x5803      	SUBWFB      R3, 0 
0x0126	0x6E01      	MOVWF       R1 
0x0128	0x0E01      	MOVLW       1
0x012A	0x5E00      	SUBWF       R0, 1 
0x012C	0x0E00      	MOVLW       0
0x012E	0x5A01      	SUBWFB      R1, 1 
;__Lib_CString.c,150 :: 		
L_end_strlen:
0x0130	0x0012      	RETURN      0
; end of _strlen
___CC2DW:
;__Lib_System.c,21 :: 		
;__Lib_System.c,23 :: 		
_CC2DL_Loop1:
;__Lib_System.c,24 :: 		
0x0132	0x0009      	TBLRD*+
;__Lib_System.c,25 :: 		
0x0134	0xFFE6CFF5  	MOVFF       TABLAT, POSTINC1
;__Lib_System.c,26 :: 		
0x0138	0x0600      	DECF        R0, 1, 0
;__Lib_System.c,27 :: 		
0x013A	0xE1FB      	BNZ         _CC2DL_Loop1
;__Lib_System.c,28 :: 		
0x013C	0x0601      	DECF        R1, 1, 0
;__Lib_System.c,29 :: 		
0x013E	0xE1F9      	BNZ         _CC2DL_Loop1
;__Lib_System.c,31 :: 		
L_end___CC2DW:
0x0140	0x0012      	RETURN      0
; end of ___CC2DW
_Div_8x8_S:
;__Lib_Math.c,326 :: 		
;__Lib_Math.c,335 :: 		
0x0142	0x6A0D      	CLRF        R13, 0
;__Lib_Math.c,336 :: 		
0x0144	0x6A08      	CLRF        R8, 0
;__Lib_Math.c,337 :: 		
0x0146	0x5000      	MOVF        R0, 0, 0
;__Lib_Math.c,338 :: 		
0x0148	0xB4D8      	BTFSC       STATUS, 2, 0
;__Lib_Math.c,339 :: 		
0x014A	0x0C00      	RETLW       0
;__Lib_Math.c,340 :: 		
0x014C	0x1804      	XORWF       R4, 0, 0
;__Lib_Math.c,341 :: 		
0x014E	0x6E0A      	MOVWF       R10, 0
;__Lib_Math.c,342 :: 		
0x0150	0xBE0A      	BTFSC       R10, 7, 0
;__Lib_Math.c,343 :: 		
0x0152	0x1E0D      	COMF        R13, 1, 0
;__Lib_Math.c,344 :: 		
0x0154	0x6A0B      	CLRF        R11, 0
;__Lib_Math.c,345 :: 		
0x0156	0xAE04      	BTFSS       R4, 7, 0
;__Lib_Math.c,346 :: 		
0x0158	0xD002      	BRA         $+6
;__Lib_Math.c,347 :: 		
0x015A	0x1E04      	COMF        R4, 1, 0
;__Lib_Math.c,348 :: 		
0x015C	0x2A04      	INCF        R4, 1, 0
;__Lib_Math.c,349 :: 		
0x015E	0xAE00      	BTFSS       R0, 7, 0
;__Lib_Math.c,350 :: 		
0x0160	0xD002      	BRA         $+6
;__Lib_Math.c,351 :: 		
0x0162	0x1E00      	COMF        R0, 1, 0
;__Lib_Math.c,352 :: 		
0x0164	0x2A00      	INCF        R0, 1, 0
;__Lib_Math.c,353 :: 		
0x0166	0x5000      	MOVF        R0, 0, 0
;__Lib_Math.c,354 :: 		
0x0168	0x1004      	IORWF       R4, 0, 0
;__Lib_Math.c,355 :: 		
0x016A	0x6E0A      	MOVWF       R10, 0
;__Lib_Math.c,356 :: 		
0x016C	0xBE0A      	BTFSC       R10, 7, 0
;__Lib_Math.c,357 :: 		
0x016E	0xD01F      	BRA         $+64
;__Lib_Math.c,358 :: 		
0x0170	0x5004      	MOVF        R4, 0, 0
;__Lib_Math.c,359 :: 		
0x0172	0x5E08      	SUBWF       R8, 1, 0
;__Lib_Math.c,360 :: 		
0x0174	0x3600      	RLCF        R0, 1, 0
;__Lib_Math.c,361 :: 		
0x0176	0x3400      	RLCF        R0, 0, 0
;__Lib_Math.c,362 :: 		
0x0178	0x3608      	RLCF        R8, 1, 0
;__Lib_Math.c,363 :: 		
0x017A	0x5004      	MOVF        R4, 0, 0
;__Lib_Math.c,364 :: 		
0x017C	0x2608      	ADDWF       R8, 1, 0
;__Lib_Math.c,365 :: 		
0x017E	0x3600      	RLCF        R0, 1, 0
;__Lib_Math.c,366 :: 		
0x0180	0x0E06      	MOVLW       6
;__Lib_Math.c,367 :: 		
0x0182	0x6E0C      	MOVWF       R12, 0
;__Lib_Math.c,368 :: 		
0x0184	0x3400      	RLCF        R0, 0, 0
;__Lib_Math.c,369 :: 		
0x0186	0x3608      	RLCF        R8, 1, 0
;__Lib_Math.c,370 :: 		
0x0188	0x5004      	MOVF        R4, 0, 0
;__Lib_Math.c,371 :: 		
0x018A	0xB000      	BTFSC       R0, 0, 0
;__Lib_Math.c,372 :: 		
0x018C	0x5E08      	SUBWF       R8, 1, 0
;__Lib_Math.c,373 :: 		
0x018E	0xA000      	BTFSS       R0, 0, 0
;__Lib_Math.c,374 :: 		
0x0190	0x2608      	ADDWF       R8, 1, 0
;__Lib_Math.c,375 :: 		
0x0192	0x3600      	RLCF        R0, 1, 0
;__Lib_Math.c,376 :: 		
0x0194	0x2E0C      	DECFSZ      R12, 1, 0
;__Lib_Math.c,377 :: 		
0x0196	0xD7F6      	BRA         $-18
;__Lib_Math.c,378 :: 		
0x0198	0xA000      	BTFSS       R0, 0, 0
;__Lib_Math.c,379 :: 		
0x019A	0x2608      	ADDWF       R8, 1, 0
;__Lib_Math.c,380 :: 		
0x019C	0xB00B      	BTFSC       R11, 0, 0
;__Lib_Math.c,381 :: 		
0x019E	0xD015      	BRA         $+44
;__Lib_Math.c,382 :: 		
0x01A0	0xAE0D      	BTFSS       R13, 7, 0
;__Lib_Math.c,383 :: 		
0x01A2	0x0C00      	RETLW       0
;__Lib_Math.c,384 :: 		
0x01A4	0x1E00      	COMF        R0, 1, 0
;__Lib_Math.c,385 :: 		
0x01A6	0x2A00      	INCF        R0, 1, 0
;__Lib_Math.c,386 :: 		
0x01A8	0x1E08      	COMF        R8, 1, 0
;__Lib_Math.c,387 :: 		
0x01AA	0x2A08      	INCF        R8, 1, 0
;__Lib_Math.c,388 :: 		
0x01AC	0x0C00      	RETLW       0
;__Lib_Math.c,389 :: 		
0x01AE	0xAE04      	BTFSS       R4, 7, 0
;__Lib_Math.c,390 :: 		
0x01B0	0xD009      	BRA         $+20
;__Lib_Math.c,391 :: 		
0x01B2	0xBE00      	BTFSC       R0, 7, 0
;__Lib_Math.c,392 :: 		
0x01B4	0xD004      	BRA         $+10
;__Lib_Math.c,393 :: 		
0x01B6	0x5000      	MOVF        R0, 0, 0
;__Lib_Math.c,394 :: 		
0x01B8	0x6E08      	MOVWF       R8, 0
;__Lib_Math.c,395 :: 		
0x01BA	0x6A00      	CLRF        R0, 0
;__Lib_Math.c,396 :: 		
0x01BC	0xD7F1      	BRA         $-28
;__Lib_Math.c,397 :: 		
0x01BE	0x6A00      	CLRF        R0, 0
;__Lib_Math.c,398 :: 		
0x01C0	0x2A00      	INCF        R0, 1, 0
;__Lib_Math.c,399 :: 		
0x01C2	0x0C00      	RETLW       0
;__Lib_Math.c,400 :: 		
0x01C4	0x1E00      	COMF        R0, 1, 0
;__Lib_Math.c,401 :: 		
0x01C6	0x2A0B      	INCF        R11, 1, 0
;__Lib_Math.c,402 :: 		
0x01C8	0xD7D3      	BRA         $-88
;__Lib_Math.c,403 :: 		
0x01CA	0x2A08      	INCF        R8, 1, 0
;__Lib_Math.c,404 :: 		
0x01CC	0x5004      	MOVF        R4, 0, 0
;__Lib_Math.c,405 :: 		
0x01CE	0x5C08      	SUBWF       R8, 0, 0
;__Lib_Math.c,406 :: 		
0x01D0	0xA4D8      	BTFSS       STATUS, 2, 0
;__Lib_Math.c,407 :: 		
0x01D2	0xD7E6      	BRA         $-50
;__Lib_Math.c,408 :: 		
0x01D4	0x6A08      	CLRF        R8, 0
;__Lib_Math.c,409 :: 		
0x01D6	0x2A00      	INCF        R0, 1, 0
;__Lib_Math.c,410 :: 		
0x01D8	0xAE00      	BTFSS       R0, 7, 0
;__Lib_Math.c,411 :: 		
0x01DA	0xD7E2      	BRA         $-58
;__Lib_Math.c,412 :: 		
0x01DC	0x0CFF      	RETLW       255
;__Lib_Math.c,414 :: 		
L_end_Div_8x8_S:
0x01DE	0x0012      	RETURN      0
; end of _Div_8x8_S
_main:
0x01E0	0xF003ECC7  	CALL        1934, 0
;ScrollLED.c,134 :: 		void main() {
;ScrollLED.c,135 :: 		CMCON = 0x07;   // Disable comparators
0x01E4	0x0E07      	MOVLW       7
0x01E6	0x6EB4      	MOVWF       CMCON 
;ScrollLED.c,136 :: 		ADCON0 = 0x00; // Select ADC channel AN0
0x01E8	0x6AC2      	CLRF        ADCON0 
;ScrollLED.c,137 :: 		ADCON1 = 0b00001110;  // RA0 as analog input
0x01EA	0x0E0E      	MOVLW       14
0x01EC	0x6EC1      	MOVWF       ADCON1 
;ScrollLED.c,138 :: 		TRISC = 0x00;
0x01EE	0x6A94      	CLRF        TRISC 
;ScrollLED.c,139 :: 		TRISB = 0x00;
0x01F0	0x6A93      	CLRF        TRISB 
;ScrollLED.c,140 :: 		TRISA = 0x01;
0x01F2	0x0E01      	MOVLW       1
0x01F4	0x6E92      	MOVWF       TRISA 
;ScrollLED.c,141 :: 		StringLength = strlen(message) ;
0x01F6	0x0E26      	MOVLW       _message
0x01F8	0x6E3F      	MOVWF       FARG_strlen_s 
0x01FA	0x0E00      	MOVLW       hi_addr(_message)
0x01FC	0x6E40      	MOVWF       FARG_strlen_s+1 
0x01FE	0xDF7D      	RCALL       _strlen
0x0200	0xF037C000  	MOVFF       R0, _StringLength
;ScrollLED.c,142 :: 		do {
L_main5:
;ScrollLED.c,143 :: 		for (k=0; k<StringLength; k++){
0x0204	0x6A36      	CLRF        _k 
L_main8:
0x0206	0x0E80      	MOVLW       128
0x0208	0x1836      	XORWF       _k, 0 
0x020A	0x6E00      	MOVWF       R0 
0x020C	0x0E80      	MOVLW       128
0x020E	0x1837      	XORWF       _StringLength, 0 
0x0210	0x5C00      	SUBWF       R0, 0 
0x0212	0xB0D8      	BTFSC       STATUS, 0 
0x0214	0xD130      	BRA         L_main9
;ScrollLED.c,144 :: 		for (scroll=0; scroll<(8/shift_step); scroll++) {
0x0216	0x6A35      	CLRF        _scroll 
L_main11:
0x0218	0xF004C015  	MOVFF       _shift_step, R4
0x021C	0x0E08      	MOVLW       8
0x021E	0x6E00      	MOVWF       R0 
0x0220	0xDF90      	RCALL       _Div_8x8_S
0x0222	0x0E80      	MOVLW       128
0x0224	0x1835      	XORWF       _scroll, 0 
0x0226	0x6E01      	MOVWF       R1 
0x0228	0x0E80      	MOVLW       128
0x022A	0x1800      	XORWF       R0, 0 
0x022C	0x5C01      	SUBWF       R1, 0 
0x022E	0xB0D8      	BTFSC       STATUS, 0 
0x0230	0xD120      	BRA         L_main12
;ScrollLED.c,145 :: 		for (ShiftAmount=0; ShiftAmount<8; ShiftAmount++){
0x0232	0x6A31      	CLRF        _ShiftAmount 
L_main14:
0x0234	0x0E80      	MOVLW       128
0x0236	0x1831      	XORWF       _ShiftAmount, 0 
0x0238	0x6E00      	MOVWF       R0 
0x023A	0x0E80      	MOVLW       128
0x023C	0x0A08      	XORLW       8
0x023E	0x5C00      	SUBWF       R0, 0 
0x0240	0xB0D8      	BTFSC       STATUS, 0 
0x0242	0xD093      	BRA         L_main15
;ScrollLED.c,146 :: 		index = message[k];
0x0244	0x0E26      	MOVLW       _message
0x0246	0x6EE9      	MOVWF       FSR0L 
0x0248	0x0E00      	MOVLW       hi_addr(_message)
0x024A	0x6EEA      	MOVWF       FSR0H 
0x024C	0x5036      	MOVF        _k, 0 
0x024E	0x26E9      	ADDWF       FSR0L, 1 
0x0250	0x0E00      	MOVLW       0
0x0252	0xBE36      	BTFSC       _k, 7 
0x0254	0x0EFF      	MOVLW       255
0x0256	0x22EA      	ADDWFC      FSR0H, 1 
0x0258	0xF000CFEE  	MOVFF       POSTINC0, R0
0x025C	0xF030C000  	MOVFF       R0, _index
;ScrollLED.c,147 :: 		temp = CharData[index-32][ShiftAmount];
0x0260	0x0E20      	MOVLW       32
0x0262	0x5C00      	SUBWF       R0, 0 
0x0264	0x6E05      	MOVWF       R5 
0x0266	0x6A06      	CLRF        R6 
0x0268	0x0E00      	MOVLW       0
0x026A	0x5A06      	SUBWFB      R6, 1 
0x026C	0x0E03      	MOVLW       3
0x026E	0x6E04      	MOVWF       R4 
0x0270	0xF000C005  	MOVFF       R5, R0
0x0274	0xF001C006  	MOVFF       R6, R1
0x0278	0x0E00      	MOVLW       0
0x027A	0xBE06      	BTFSC       R6, 7 
0x027C	0x0EFF      	MOVLW       255
0x027E	0x6E02      	MOVWF       R2 
0x0280	0x6E03      	MOVWF       R3 
0x0282	0x5004      	MOVF        R4, 0 
L__main32:
0x0284	0xE007      	BZ          L__main33
0x0286	0x3600      	RLCF        R0, 1 
0x0288	0x9000      	BCF         R0, 0 
0x028A	0x3601      	RLCF        R1, 1 
0x028C	0x3602      	RLCF        R2, 1 
0x028E	0x3603      	RLCF        R3, 1 
0x0290	0x0FFF      	ADDLW       255
0x0292	0xD7F8      	BRA         L__main32
L__main33:
0x0294	0x0E7A      	MOVLW       _CharData
0x0296	0x2600      	ADDWF       R0, 1 
0x0298	0x0E04      	MOVLW       hi_addr(_CharData)
0x029A	0x2201      	ADDWFC      R1, 1 
0x029C	0x0E00      	MOVLW       higher_addr(_CharData)
0x029E	0x2202      	ADDWFC      R2, 1 
0x02A0	0x5031      	MOVF        _ShiftAmount, 0 
0x02A2	0x2400      	ADDWF       R0, 0 
0x02A4	0x6EF6      	MOVWF       4086 
0x02A6	0x0E00      	MOVLW       0
0x02A8	0xBE31      	BTFSC       _ShiftAmount, 7 
0x02AA	0x0EFF      	MOVLW       255
0x02AC	0x2001      	ADDWFC      R1, 0 
0x02AE	0x6EF7      	MOVWF       TBLPTRH 
0x02B0	0x0E00      	MOVLW       0
0x02B2	0xBE31      	BTFSC       _ShiftAmount, 7 
0x02B4	0x0EFF      	MOVLW       255
0x02B6	0x2002      	ADDWFC      R2, 0 
0x02B8	0x6EF8      	MOVWF       TBLPTRU 
0x02BA	0x0009      	TBLRD*+
0x02BC	0xF034CFF5  	MOVFF       TABLAT, _temp
;ScrollLED.c,148 :: 		DisplayBuffer[ShiftAmount] = (DisplayBuffer[ShiftAmount] << shift_step)| (temp >> ((8-shift_step)-scroll*shift_step));
0x02C0	0xF000C031  	MOVFF       _ShiftAmount, R0
0x02C4	0x0E00      	MOVLW       0
0x02C6	0xBE31      	BTFSC       _ShiftAmount, 7 
0x02C8	0x0EFF      	MOVLW       255
0x02CA	0x6E01      	MOVWF       R1 
0x02CC	0x3600      	RLCF        R0, 1 
0x02CE	0x9000      	BCF         R0, 0 
0x02D0	0x3601      	RLCF        R1, 1 
0x02D2	0x0E16      	MOVLW       _DisplayBuffer
0x02D4	0x2400      	ADDWF       R0, 0 
0x02D6	0x6E3D      	MOVWF       FLOC__main+4 
0x02D8	0x0E00      	MOVLW       hi_addr(_DisplayBuffer)
0x02DA	0x2001      	ADDWFC      R1, 0 
0x02DC	0x6E3E      	MOVWF       FLOC__main+5 
0x02DE	0xFFE9C03D  	MOVFF       FLOC__main+4, FSR0L
0x02E2	0xFFEAC03E  	MOVFF       FLOC__main+5, FSR0H
0x02E6	0xF001CFEE  	MOVFF       POSTINC0, R1
0x02EA	0xF002CFEE  	MOVFF       POSTINC0, R2
0x02EE	0xF000C015  	MOVFF       _shift_step, R0
0x02F2	0xF03BC001  	MOVFF       R1, FLOC__main+2
0x02F6	0xF03CC002  	MOVFF       R2, FLOC__main+3
0x02FA	0x5000      	MOVF        R0, 0 
L__main34:
0x02FC	0xE005      	BZ          L__main35
0x02FE	0x363B      	RLCF        FLOC__main+2, 1 
0x0300	0x903B      	BCF         FLOC__main+2, 0 
0x0302	0x363C      	RLCF        FLOC__main+3, 1 
0x0304	0x0FFF      	ADDLW       255
0x0306	0xD7FA      	BRA         L__main34
L__main35:
0x0308	0x5015      	MOVF        _shift_step, 0 
0x030A	0x0808      	SUBLW       8
0x030C	0x6E39      	MOVWF       FLOC__main 
0x030E	0x6A3A      	CLRF        FLOC__main+1 
0x0310	0x0E00      	MOVLW       0
0x0312	0xBE15      	BTFSC       _shift_step, 7 
0x0314	0x0EFF      	MOVLW       255
0x0316	0x5A3A      	SUBWFB      FLOC__main+1, 1 
0x0318	0xF000C035  	MOVFF       _scroll, R0
0x031C	0xF004C015  	MOVFF       _shift_step, R4
0x0320	0xDEE0      	RCALL       _Mul_8x8_S
0x0322	0x5000      	MOVF        R0, 0 
0x0324	0x5C39      	SUBWF       FLOC__main, 0 
0x0326	0x6E00      	MOVWF       R0 
0x0328	0x5001      	MOVF        R1, 0 
0x032A	0x583A      	SUBWFB      FLOC__main+1, 0 
0x032C	0x6E01      	MOVWF       R1 
0x032E	0xF001C000  	MOVFF       R0, R1
0x0332	0xF000C034  	MOVFF       _temp, R0
0x0336	0x5001      	MOVF        R1, 0 
L__main36:
0x0338	0xE006      	BZ          L__main37
0x033A	0x3200      	RRCF        R0, 1 
0x033C	0x9E00      	BCF         R0, 7 
0x033E	0xBC00      	BTFSC       R0, 6 
0x0340	0x8E00      	BSF         R0, 7 
0x0342	0x0FFF      	ADDLW       255
0x0344	0xD7F9      	BRA         L__main36
L__main37:
0x0346	0x0E00      	MOVLW       0
0x0348	0xBE00      	BTFSC       R0, 7 
0x034A	0x0EFF      	MOVLW       255
0x034C	0x6E01      	MOVWF       R1 
0x034E	0x503B      	MOVF        FLOC__main+2, 0 
0x0350	0x1200      	IORWF       R0, 1 
0x0352	0x503C      	MOVF        FLOC__main+3, 0 
0x0354	0x1201      	IORWF       R1, 1 
0x0356	0xFFE1C03D  	MOVFF       FLOC__main+4, FSR1L
0x035A	0xFFE2C03E  	MOVFF       FLOC__main+5, FSR1H
0x035E	0xFFE6C000  	MOVFF       R0, POSTINC1
0x0362	0xFFE6C001  	MOVFF       R1, POSTINC1
;ScrollLED.c,145 :: 		for (ShiftAmount=0; ShiftAmount<8; ShiftAmount++){
0x0366	0x2A31      	INCF        _ShiftAmount, 1 
;ScrollLED.c,149 :: 		}
0x0368	0xD765      	BRA         L_main14
L_main15:
;ScrollLED.c,151 :: 		speed = 10+ADC_Read(0)/10;
0x036A	0x6A3F      	CLRF        FARG_ADC_Read_channel 
0x036C	0xDE5E      	RCALL       _ADC_Read
0x036E	0x0E0A      	MOVLW       10
0x0370	0x6E04      	MOVWF       R4 
0x0372	0x0E00      	MOVLW       0
0x0374	0x6E05      	MOVWF       R5 
0x0376	0xDE74      	RCALL       _Div_16x16_U
0x0378	0x0E0A      	MOVLW       10
0x037A	0x2400      	ADDWF       R0, 0 
0x037C	0x6E32      	MOVWF       _speed 
0x037E	0x0E00      	MOVLW       0
0x0380	0x2001      	ADDWFC      R1, 0 
0x0382	0x6E33      	MOVWF       _speed+1 
;ScrollLED.c,152 :: 		for(l=0; l<speed;l++){
0x0384	0x6A38      	CLRF        _l 
L_main17:
0x0386	0x0E00      	MOVLW       0
0x0388	0xBE38      	BTFSC       _l, 7 
0x038A	0x0EFF      	MOVLW       255
0x038C	0x6E00      	MOVWF       R0 
0x038E	0x5033      	MOVF        _speed+1, 0 
0x0390	0x5C00      	SUBWF       R0, 0 
0x0392	0xE102      	BNZ         L__main38
0x0394	0x5032      	MOVF        _speed, 0 
0x0396	0x5C38      	SUBWF       _l, 0 
L__main38:
0x0398	0xE26A      	BC          L_main18
;ScrollLED.c,154 :: 		PORTB = 0xFE;
0x039A	0x0EFE      	MOVLW       254
0x039C	0x6E81      	MOVWF       PORTB 
;ScrollLED.c,155 :: 		send_data(DisplayBuffer[1]);
0x039E	0xF03FC018  	MOVFF       _DisplayBuffer+2, FARG_send_data_temp
0x03A2	0xF040C019  	MOVFF       _DisplayBuffer+3, FARG_send_data_temp+1
0x03A6	0xDE77      	RCALL       _send_data
;ScrollLED.c,156 :: 		delay_us(10);
0x03A8	0x0E27      	MOVLW       39
0x03AA	0x6E0D      	MOVWF       R13, 0
L_main20:
0x03AC	0x2E0D      	DECFSZ      R13, 1, 0
0x03AE	0xD7FE      	BRA         L_main20
0x03B0	0x0000      	NOP
0x03B2	0x0000      	NOP
;ScrollLED.c,157 :: 		PORTB = 0xFD;
0x03B4	0x0EFD      	MOVLW       253
0x03B6	0x6E81      	MOVWF       PORTB 
;ScrollLED.c,158 :: 		send_data(DisplayBuffer[2]);
0x03B8	0xF03FC01A  	MOVFF       _DisplayBuffer+4, FARG_send_data_temp
0x03BC	0xF040C01B  	MOVFF       _DisplayBuffer+5, FARG_send_data_temp+1
0x03C0	0xDE6A      	RCALL       _send_data
;ScrollLED.c,159 :: 		delay_us(10);
0x03C2	0x0E27      	MOVLW       39
0x03C4	0x6E0D      	MOVWF       R13, 0
L_main21:
0x03C6	0x2E0D      	DECFSZ      R13, 1, 0
0x03C8	0xD7FE      	BRA         L_main21
0x03CA	0x0000      	NOP
0x03CC	0x0000      	NOP
;ScrollLED.c,160 :: 		PORTB = 0xFB;
0x03CE	0x0EFB      	MOVLW       251
0x03D0	0x6E81      	MOVWF       PORTB 
;ScrollLED.c,161 :: 		send_data(DisplayBuffer[3]);
0x03D2	0xF03FC01C  	MOVFF       _DisplayBuffer+6, FARG_send_data_temp
0x03D6	0xF040C01D  	MOVFF       _DisplayBuffer+7, FARG_send_data_temp+1
0x03DA	0xDE5D      	RCALL       _send_data
;ScrollLED.c,162 :: 		delay_us(10);
0x03DC	0x0E27      	MOVLW       39
0x03DE	0x6E0D      	MOVWF       R13, 0
L_main22:
0x03E0	0x2E0D      	DECFSZ      R13, 1, 0
0x03E2	0xD7FE      	BRA         L_main22
0x03E4	0x0000      	NOP
0x03E6	0x0000      	NOP
;ScrollLED.c,163 :: 		PORTB = 0xF7;
0x03E8	0x0EF7      	MOVLW       247
0x03EA	0x6E81      	MOVWF       PORTB 
;ScrollLED.c,164 :: 		send_data(DisplayBuffer[4]);
0x03EC	0xF03FC01E  	MOVFF       _DisplayBuffer+8, FARG_send_data_temp
0x03F0	0xF040C01F  	MOVFF       _DisplayBuffer+9, FARG_send_data_temp+1
0x03F4	0xDE50      	RCALL       _send_data
;ScrollLED.c,165 :: 		delay_us(10);
0x03F6	0x0E27      	MOVLW       39
0x03F8	0x6E0D      	MOVWF       R13, 0
L_main23:
0x03FA	0x2E0D      	DECFSZ      R13, 1, 0
0x03FC	0xD7FE      	BRA         L_main23
0x03FE	0x0000      	NOP
0x0400	0x0000      	NOP
;ScrollLED.c,166 :: 		PORTB = 0xEF;
0x0402	0x0EEF      	MOVLW       239
0x0404	0x6E81      	MOVWF       PORTB 
;ScrollLED.c,167 :: 		send_data(DisplayBuffer[5]);
0x0406	0xF03FC020  	MOVFF       _DisplayBuffer+10, FARG_send_data_temp
0x040A	0xF040C021  	MOVFF       _DisplayBuffer+11, FARG_send_data_temp+1
0x040E	0xDE43      	RCALL       _send_data
;ScrollLED.c,168 :: 		delay_us(10);
0x0410	0x0E27      	MOVLW       39
0x0412	0x6E0D      	MOVWF       R13, 0
L_main24:
0x0414	0x2E0D      	DECFSZ      R13, 1, 0
0x0416	0xD7FE      	BRA         L_main24
0x0418	0x0000      	NOP
0x041A	0x0000      	NOP
;ScrollLED.c,169 :: 		PORTB = 0xDF;
0x041C	0x0EDF      	MOVLW       223
0x041E	0x6E81      	MOVWF       PORTB 
;ScrollLED.c,170 :: 		send_data(DisplayBuffer[6]);
0x0420	0xF03FC022  	MOVFF       _DisplayBuffer+12, FARG_send_data_temp
0x0424	0xF040C023  	MOVFF       _DisplayBuffer+13, FARG_send_data_temp+1
0x0428	0xDE36      	RCALL       _send_data
;ScrollLED.c,171 :: 		delay_us(10);
0x042A	0x0E27      	MOVLW       39
0x042C	0x6E0D      	MOVWF       R13, 0
L_main25:
0x042E	0x2E0D      	DECFSZ      R13, 1, 0
0x0430	0xD7FE      	BRA         L_main25
0x0432	0x0000      	NOP
0x0434	0x0000      	NOP
;ScrollLED.c,172 :: 		PORTB = 0xBF;
0x0436	0x0EBF      	MOVLW       191
0x0438	0x6E81      	MOVWF       PORTB 
;ScrollLED.c,173 :: 		send_data(DisplayBuffer[7]);
0x043A	0xF03FC024  	MOVFF       _DisplayBuffer+14, FARG_send_data_temp
0x043E	0xF040C025  	MOVFF       _DisplayBuffer+15, FARG_send_data_temp+1
0x0442	0xDE29      	RCALL       _send_data
;ScrollLED.c,174 :: 		delay_us(10);
0x0444	0x0E27      	MOVLW       39
0x0446	0x6E0D      	MOVWF       R13, 0
L_main26:
0x0448	0x2E0D      	DECFSZ      R13, 1, 0
0x044A	0xD7FE      	BRA         L_main26
0x044C	0x0000      	NOP
0x044E	0x0000      	NOP
;ScrollLED.c,175 :: 		PORTB = 0x7E;
0x0450	0x0E7E      	MOVLW       126
0x0452	0x6E81      	MOVWF       PORTB 
;ScrollLED.c,176 :: 		send_data(DisplayBuffer[0]);
0x0454	0xF03FC016  	MOVFF       _DisplayBuffer, FARG_send_data_temp
0x0458	0xF040C017  	MOVFF       _DisplayBuffer+1, FARG_send_data_temp+1
0x045C	0xDE1C      	RCALL       _send_data
;ScrollLED.c,177 :: 		delay_us(10);
0x045E	0x0E27      	MOVLW       39
0x0460	0x6E0D      	MOVWF       R13, 0
L_main27:
0x0462	0x2E0D      	DECFSZ      R13, 1, 0
0x0464	0xD7FE      	BRA         L_main27
0x0466	0x0000      	NOP
0x0468	0x0000      	NOP
;ScrollLED.c,152 :: 		for(l=0; l<speed;l++){
0x046A	0x2A38      	INCF        _l, 1 
;ScrollLED.c,189 :: 		} // l
0x046C	0xD78C      	BRA         L_main17
L_main18:
;ScrollLED.c,144 :: 		for (scroll=0; scroll<(8/shift_step); scroll++) {
0x046E	0x2A35      	INCF        _scroll, 1 
;ScrollLED.c,190 :: 		} // scroll
0x0470	0xD6D3      	BRA         L_main11
L_main12:
;ScrollLED.c,143 :: 		for (k=0; k<StringLength; k++){
0x0472	0x2A36      	INCF        _k, 1 
;ScrollLED.c,191 :: 		} // k
0x0474	0xD6C8      	BRA         L_main8
L_main9:
;ScrollLED.c,193 :: 		} while(1);
0x0476	0xD6C6      	BRA         L_main5
;ScrollLED.c,195 :: 		}
L_end_main:
0x0478	0xD7FF      	BRA         $+0
; end of _main
0x078E	0xF015EE10  	LFSR        1, 21
0x0792	0x0E1B      	MOVLW       27
0x0794	0x6E00      	MOVWF       R0 
0x0796	0x0E01      	MOVLW       1
0x0798	0x6E01      	MOVWF       R1 
0x079A	0x0E72      	MOVLW       114
0x079C	0x6EF6      	MOVWF       4086 
0x079E	0x0E07      	MOVLW       7
0x07A0	0x6EF7      	MOVWF       TBLPTRH 
0x07A2	0x0E00      	MOVLW       0
0x07A4	0x6EF8      	MOVWF       TBLPTRU 
0x07A6	0xF000EC99  	CALL        306, 0
0x07AA	0x0012      	RETURN      0
;ScrollLED.c,31 :: _CharData
0x047A	0x0000 ;_CharData+0
0x047C	0x0000 ;_CharData+2
0x047E	0x0000 ;_CharData+4
0x0480	0x0000 ;_CharData+6
0x0482	0x0404 ;_CharData+8
0x0484	0x0404 ;_CharData+10
0x0486	0x0404 ;_CharData+12
0x0488	0x0400 ;_CharData+14
0x048A	0x0A0A ;_CharData+16
0x048C	0x000A ;_CharData+18
0x048E	0x0000 ;_CharData+20
0x0490	0x0000 ;_CharData+22
0x0492	0x0A00 ;_CharData+24
0x0494	0x0A1F ;_CharData+26
0x0496	0x0A1F ;_CharData+28
0x0498	0x0A1F ;_CharData+30
0x049A	0x0C07 ;_CharData+32
0x049C	0x0C14 ;_CharData+34
0x049E	0x0506 ;_CharData+36
0x04A0	0x1C06 ;_CharData+38
0x04A2	0x1A19 ;_CharData+40
0x04A4	0x0402 ;_CharData+42
0x04A6	0x0804 ;_CharData+44
0x04A8	0x130B ;_CharData+46
0x04AA	0x0A06 ;_CharData+48
0x04AC	0x1412 ;_CharData+50
0x04AE	0x1609 ;_CharData+52
0x04B0	0x0916 ;_CharData+54
0x04B2	0x0404 ;_CharData+56
0x04B4	0x0004 ;_CharData+58
0x04B6	0x0000 ;_CharData+60
0x04B8	0x0000 ;_CharData+62
0x04BA	0x0402 ;_CharData+64
0x04BC	0x0808 ;_CharData+66
0x04BE	0x0808 ;_CharData+68
0x04C0	0x0204 ;_CharData+70
0x04C2	0x0408 ;_CharData+72
0x04C4	0x0202 ;_CharData+74
0x04C6	0x0202 ;_CharData+76
0x04C8	0x0804 ;_CharData+78
0x04CA	0x0E15 ;_CharData+80
0x04CC	0x0E1F ;_CharData+82
0x04CE	0x0015 ;_CharData+84
0x04D0	0x0000 ;_CharData+86
0x04D2	0x0000 ;_CharData+88
0x04D4	0x0404 ;_CharData+90
0x04D6	0x041F ;_CharData+92
0x04D8	0x0004 ;_CharData+94
0x04DA	0x0000 ;_CharData+96
0x04DC	0x0000 ;_CharData+98
0x04DE	0x0600 ;_CharData+100
0x04E0	0x0804 ;_CharData+102
0x04E2	0x0000 ;_CharData+104
0x04E4	0x0000 ;_CharData+106
0x04E6	0x000E ;_CharData+108
0x04E8	0x0000 ;_CharData+110
0x04EA	0x0000 ;_CharData+112
0x04EC	0x0000 ;_CharData+114
0x04EE	0x0000 ;_CharData+116
0x04F0	0x0400 ;_CharData+118
0x04F2	0x0201 ;_CharData+120
0x04F4	0x0402 ;_CharData+122
0x04F6	0x0804 ;_CharData+124
0x04F8	0x1008 ;_CharData+126
0x04FA	0x110E ;_CharData+128
0x04FC	0x1113 ;_CharData+130
0x04FE	0x1115 ;_CharData+132
0x0500	0x0E19 ;_CharData+134
0x0502	0x0C04 ;_CharData+136
0x0504	0x0414 ;_CharData+138
0x0506	0x0404 ;_CharData+140
0x0508	0x1F04 ;_CharData+142
0x050A	0x110E ;_CharData+144
0x050C	0x0211 ;_CharData+146
0x050E	0x0804 ;_CharData+148
0x0510	0x1F10 ;_CharData+150
0x0512	0x110E ;_CharData+152
0x0514	0x0E01 ;_CharData+154
0x0516	0x0101 ;_CharData+156
0x0518	0x0E11 ;_CharData+158
0x051A	0x1010 ;_CharData+160
0x051C	0x1414 ;_CharData+162
0x051E	0x041F ;_CharData+164
0x0520	0x0404 ;_CharData+166
0x0522	0x101F ;_CharData+168
0x0524	0x1E10 ;_CharData+170
0x0526	0x0101 ;_CharData+172
0x0528	0x1E01 ;_CharData+174
0x052A	0x0807 ;_CharData+176
0x052C	0x1E10 ;_CharData+178
0x052E	0x1111 ;_CharData+180
0x0530	0x0E11 ;_CharData+182
0x0532	0x011F ;_CharData+184
0x0534	0x0101 ;_CharData+186
0x0536	0x0402 ;_CharData+188
0x0538	0x1008 ;_CharData+190
0x053A	0x110E ;_CharData+192
0x053C	0x0E11 ;_CharData+194
0x053E	0x1111 ;_CharData+196
0x0540	0x0E11 ;_CharData+198
0x0542	0x110E ;_CharData+200
0x0544	0x0F11 ;_CharData+202
0x0546	0x0101 ;_CharData+204
0x0548	0x0101 ;_CharData+206
0x054A	0x0400 ;_CharData+208
0x054C	0x0004 ;_CharData+210
0x054E	0x0400 ;_CharData+212
0x0550	0x0004 ;_CharData+214
0x0552	0x0400 ;_CharData+216
0x0554	0x0004 ;_CharData+218
0x0556	0x0400 ;_CharData+220
0x0558	0x0804 ;_CharData+222
0x055A	0x0201 ;_CharData+224
0x055C	0x0804 ;_CharData+226
0x055E	0x0408 ;_CharData+228
0x0560	0x0102 ;_CharData+230
0x0562	0x0000 ;_CharData+232
0x0564	0x1E00 ;_CharData+234
0x0566	0x1E00 ;_CharData+236
0x0568	0x0000 ;_CharData+238
0x056A	0x0810 ;_CharData+240
0x056C	0x0204 ;_CharData+242
0x056E	0x0402 ;_CharData+244
0x0570	0x1008 ;_CharData+246
0x0572	0x110E ;_CharData+248
0x0574	0x0211 ;_CharData+250
0x0576	0x0404 ;_CharData+252
0x0578	0x0400 ;_CharData+254
0x057A	0x110E ;_CharData+256
0x057C	0x1511 ;_CharData+258
0x057E	0x1115 ;_CharData+260
0x0580	0x1E11 ;_CharData+262
0x0582	0x110E ;_CharData+264
0x0584	0x1111 ;_CharData+266
0x0586	0x111F ;_CharData+268
0x0588	0x1111 ;_CharData+270
0x058A	0x111E ;_CharData+272
0x058C	0x1E11 ;_CharData+274
0x058E	0x1111 ;_CharData+276
0x0590	0x1E11 ;_CharData+278
0x0592	0x0807 ;_CharData+280
0x0594	0x1010 ;_CharData+282
0x0596	0x1010 ;_CharData+284
0x0598	0x0708 ;_CharData+286
0x059A	0x121C ;_CharData+288
0x059C	0x1111 ;_CharData+290
0x059E	0x1111 ;_CharData+292
0x05A0	0x1C12 ;_CharData+294
0x05A2	0x101F ;_CharData+296
0x05A4	0x1E10 ;_CharData+298
0x05A6	0x1010 ;_CharData+300
0x05A8	0x1F10 ;_CharData+302
0x05AA	0x101F ;_CharData+304
0x05AC	0x1E10 ;_CharData+306
0x05AE	0x1010 ;_CharData+308
0x05B0	0x1010 ;_CharData+310
0x05B2	0x110E ;_CharData+312
0x05B4	0x1010 ;_CharData+314
0x05B6	0x1117 ;_CharData+316
0x05B8	0x0E11 ;_CharData+318
0x05BA	0x1111 ;_CharData+320
0x05BC	0x1F11 ;_CharData+322
0x05BE	0x1111 ;_CharData+324
0x05C0	0x1111 ;_CharData+326
0x05C2	0x041F ;_CharData+328
0x05C4	0x0404 ;_CharData+330
0x05C6	0x0404 ;_CharData+332
0x05C8	0x1F04 ;_CharData+334
0x05CA	0x041F ;_CharData+336
0x05CC	0x0404 ;_CharData+338
0x05CE	0x0404 ;_CharData+340
0x05D0	0x0814 ;_CharData+342
0x05D2	0x1211 ;_CharData+344
0x05D4	0x1814 ;_CharData+346
0x05D6	0x1214 ;_CharData+348
0x05D8	0x1111 ;_CharData+350
0x05DA	0x1010 ;_CharData+352
0x05DC	0x1010 ;_CharData+354
0x05DE	0x1010 ;_CharData+356
0x05E0	0x1F10 ;_CharData+358
0x05E2	0x1B11 ;_CharData+360
0x05E4	0x151F ;_CharData+362
0x05E6	0x1111 ;_CharData+364
0x05E8	0x1111 ;_CharData+366
0x05EA	0x1911 ;_CharData+368
0x05EC	0x1519 ;_CharData+370
0x05EE	0x1315 ;_CharData+372
0x05F0	0x1113 ;_CharData+374
0x05F2	0x110E ;_CharData+376
0x05F4	0x1111 ;_CharData+378
0x05F6	0x1111 ;_CharData+380
0x05F8	0x0E11 ;_CharData+382
0x05FA	0x111E ;_CharData+384
0x05FC	0x1E11 ;_CharData+386
0x05FE	0x1010 ;_CharData+388
0x0600	0x1010 ;_CharData+390
0x0602	0x110E ;_CharData+392
0x0604	0x1111 ;_CharData+394
0x0606	0x1511 ;_CharData+396
0x0608	0x0F13 ;_CharData+398
0x060A	0x111E ;_CharData+400
0x060C	0x1E11 ;_CharData+402
0x060E	0x1214 ;_CharData+404
0x0610	0x1111 ;_CharData+406
0x0612	0x110E ;_CharData+408
0x0614	0x0810 ;_CharData+410
0x0616	0x0106 ;_CharData+412
0x0618	0x0E11 ;_CharData+414
0x061A	0x041F ;_CharData+416
0x061C	0x0404 ;_CharData+418
0x061E	0x0404 ;_CharData+420
0x0620	0x0404 ;_CharData+422
0x0622	0x1111 ;_CharData+424
0x0624	0x1111 ;_CharData+426
0x0626	0x1111 ;_CharData+428
0x0628	0x0E11 ;_CharData+430
0x062A	0x1111 ;_CharData+432
0x062C	0x1111 ;_CharData+434
0x062E	0x1111 ;_CharData+436
0x0630	0x040A ;_CharData+438
0x0632	0x1111 ;_CharData+440
0x0634	0x1111 ;_CharData+442
0x0636	0x1511 ;_CharData+444
0x0638	0x0A15 ;_CharData+446
0x063A	0x1111 ;_CharData+448
0x063C	0x040A ;_CharData+450
0x063E	0x0A04 ;_CharData+452
0x0640	0x1111 ;_CharData+454
0x0642	0x1111 ;_CharData+456
0x0644	0x040A ;_CharData+458
0x0646	0x0404 ;_CharData+460
0x0648	0x0404 ;_CharData+462
0x064A	0x011F ;_CharData+464
0x064C	0x0402 ;_CharData+466
0x064E	0x1008 ;_CharData+468
0x0650	0x1F10 ;_CharData+470
0x0652	0x080E ;_CharData+472
0x0654	0x0808 ;_CharData+474
0x0656	0x0808 ;_CharData+476
0x0658	0x0E08 ;_CharData+478
0x065A	0x0810 ;_CharData+480
0x065C	0x0408 ;_CharData+482
0x065E	0x0204 ;_CharData+484
0x0660	0x0102 ;_CharData+486
0x0662	0x020E ;_CharData+488
0x0664	0x0202 ;_CharData+490
0x0666	0x0202 ;_CharData+492
0x0668	0x0E02 ;_CharData+494
0x066A	0x0A04 ;_CharData+496
0x066C	0x0011 ;_CharData+498
0x066E	0x0000 ;_CharData+500
0x0670	0x0000 ;_CharData+502
0x0672	0x0000 ;_CharData+504
0x0674	0x0000 ;_CharData+506
0x0676	0x0000 ;_CharData+508
0x0678	0x1F00 ;_CharData+510
0x067A	0x0408 ;_CharData+512
0x067C	0x0000 ;_CharData+514
0x067E	0x0000 ;_CharData+516
0x0680	0x0000 ;_CharData+518
0x0682	0x0000 ;_CharData+520
0x0684	0x0E00 ;_CharData+522
0x0686	0x1212 ;_CharData+524
0x0688	0x0F12 ;_CharData+526
0x068A	0x1000 ;_CharData+528
0x068C	0x1010 ;_CharData+530
0x068E	0x121C ;_CharData+532
0x0690	0x1C12 ;_CharData+534
0x0692	0x0000 ;_CharData+536
0x0694	0x0E00 ;_CharData+538
0x0696	0x1010 ;_CharData+540
0x0698	0x0E10 ;_CharData+542
0x069A	0x0100 ;_CharData+544
0x069C	0x0101 ;_CharData+546
0x069E	0x0907 ;_CharData+548
0x06A0	0x0709 ;_CharData+550
0x06A2	0x0000 ;_CharData+552
0x06A4	0x1C00 ;_CharData+554
0x06A6	0x1E12 ;_CharData+556
0x06A8	0x0E10 ;_CharData+558
0x06AA	0x0300 ;_CharData+560
0x06AC	0x0404 ;_CharData+562
0x06AE	0x0406 ;_CharData+564
0x06B0	0x0404 ;_CharData+566
0x06B2	0x0E00 ;_CharData+568
0x06B4	0x0A0A ;_CharData+570
0x06B6	0x020E ;_CharData+572
0x06B8	0x0C02 ;_CharData+574
0x06BA	0x1000 ;_CharData+576
0x06BC	0x1010 ;_CharData+578
0x06BE	0x121C ;_CharData+580
0x06C0	0x1212 ;_CharData+582
0x06C2	0x0000 ;_CharData+584
0x06C4	0x0004 ;_CharData+586
0x06C6	0x0404 ;_CharData+588
0x06C8	0x0404 ;_CharData+590
0x06CA	0x0200 ;_CharData+592
0x06CC	0x0200 ;_CharData+594
0x06CE	0x0202 ;_CharData+596
0x06D0	0x0C02 ;_CharData+598
0x06D2	0x1000 ;_CharData+600
0x06D4	0x1410 ;_CharData+602
0x06D6	0x1818 ;_CharData+604
0x06D8	0x1014 ;_CharData+606
0x06DA	0x1000 ;_CharData+608
0x06DC	0x1010 ;_CharData+610
0x06DE	0x1010 ;_CharData+612
0x06E0	0x0C10 ;_CharData+614
0x06E2	0x0000 ;_CharData+616
0x06E4	0x0A00 ;_CharData+618
0x06E6	0x1115 ;_CharData+620
0x06E8	0x1111 ;_CharData+622
0x06EA	0x0000 ;_CharData+624
0x06EC	0x1400 ;_CharData+626
0x06EE	0x121A ;_CharData+628
0x06F0	0x1212 ;_CharData+630
0x06F2	0x0000 ;_CharData+632
0x06F4	0x0C00 ;_CharData+634
0x06F6	0x1212 ;_CharData+636
0x06F8	0x0C12 ;_CharData+638
0x06FA	0x1C00 ;_CharData+640
0x06FC	0x1212 ;_CharData+642
0x06FE	0x101C ;_CharData+644
0x0700	0x1010 ;_CharData+646
0x0702	0x0E00 ;_CharData+648
0x0704	0x1212 ;_CharData+650
0x0706	0x020E ;_CharData+652
0x0708	0x0102 ;_CharData+654
0x070A	0x0000 ;_CharData+656
0x070C	0x0A00 ;_CharData+658
0x070E	0x080C ;_CharData+660
0x0710	0x0808 ;_CharData+662
0x0712	0x0000 ;_CharData+664
0x0714	0x100E ;_CharData+666
0x0716	0x0408 ;_CharData+668
0x0718	0x1E02 ;_CharData+670
0x071A	0x1000 ;_CharData+672
0x071C	0x1C10 ;_CharData+674
0x071E	0x1010 ;_CharData+676
0x0720	0x0C10 ;_CharData+678
0x0722	0x0000 ;_CharData+680
0x0724	0x1200 ;_CharData+682
0x0726	0x1212 ;_CharData+684
0x0728	0x0C12 ;_CharData+686
0x072A	0x0000 ;_CharData+688
0x072C	0x1100 ;_CharData+690
0x072E	0x1111 ;_CharData+692
0x0730	0x040A ;_CharData+694
0x0732	0x0000 ;_CharData+696
0x0734	0x1100 ;_CharData+698
0x0736	0x1111 ;_CharData+700
0x0738	0x0A15 ;_CharData+702
0x073A	0x0000 ;_CharData+704
0x073C	0x1100 ;_CharData+706
0x073E	0x040A ;_CharData+708
0x0740	0x110A ;_CharData+710
0x0742	0x0000 ;_CharData+712
0x0744	0x0A11 ;_CharData+714
0x0746	0x0804 ;_CharData+716
0x0748	0x1008 ;_CharData+718
0x074A	0x0000 ;_CharData+720
0x074C	0x1F00 ;_CharData+722
0x074E	0x0402 ;_CharData+724
0x0750	0x1F08 ;_CharData+726
0x0752	0x0402 ;_CharData+728
0x0754	0x0404 ;_CharData+730
0x0756	0x0408 ;_CharData+732
0x0758	0x0204 ;_CharData+734
0x075A	0x0404 ;_CharData+736
0x075C	0x0404 ;_CharData+738
0x075E	0x0404 ;_CharData+740
0x0760	0x0404 ;_CharData+742
0x0762	0x0408 ;_CharData+744
0x0764	0x0404 ;_CharData+746
0x0766	0x0402 ;_CharData+748
0x0768	0x0804 ;_CharData+750
0x076A	0x0000 ;_CharData+752
0x076C	0x0A00 ;_CharData+754
0x076E	0x141E ;_CharData+756
0x0770	0x0000 ;_CharData+758
; end of _CharData
;ScrollLED.c,0 :: ?ICS_shift_step
0x0772	0x01 ;?ICS_shift_step+0
; end of ?ICS_shift_step
;ScrollLED.c,0 :: ?ICS_DisplayBuffer
0x0773	0x0000 ;?ICS_DisplayBuffer+0
0x0775	0x0000 ;?ICS_DisplayBuffer+2
0x0777	0x0000 ;?ICS_DisplayBuffer+4
0x0779	0x0000 ;?ICS_DisplayBuffer+6
0x077B	0x0000 ;?ICS_DisplayBuffer+8
0x077D	0x0000 ;?ICS_DisplayBuffer+10
0x077F	0x0000 ;?ICS_DisplayBuffer+12
0x0781	0x0000 ;?ICS_DisplayBuffer+14
; end of ?ICS_DisplayBuffer
;ScrollLED.c,0 :: ?ICS_message
0x0783	0x5355 ;?ICS_message+0
0x0785	0x414D ;?ICS_message+2
0x0787	0x204E ;?ICS_message+4
0x0789	0x2E2E ;?ICS_message+6
0x078B	0x002E ;?ICS_message+8
; end of ?ICS_message
Symbol List:
//** Routines locations **
//ADDRESS    SIZE    PROCEDURE
//----------------------------------------------
0x001C      [14]    _Delay_22us
0x002A      [54]    _ADC_Read
0x0060      [54]    _Div_16x16_U
0x0096      [76]    _send_data
0x00E2      [24]    _Mul_8x8_S
0x00FA      [56]    _strlen
0x0132      [16]    ___CC2DW
0x0142     [158]    _Div_8x8_S
0x01E0     [666]    _main
//** Variables locations ** 
//ADDRESS    SIZE    VARIABLE
//----------------------------------------------
0x0000       [1]    R0
0x0000       [1]    FLASH_Erase_64_SaveINTCON_L0
0x0000       [1]    EEPROM_Write_SaveINTCON_L0
0x0000       [1]    UART1_Init_tmp_L0
0x0000       [1]    SPI1_Write_tmp_L0
0x0000       [1]    __Lib_SoftI2C_PutZerosToLATSda_temp_sda_L0
0x0000       [1]    __Lib_SoftI2C_PutZerosToLATScl_temp_scl_L0
0x0001       [1]    UART1_Read___tmp_UART1_Read_L0
0x0001       [1]    FLASH_Erase_Write_64_i_L0
0x0001       [1]    I2C1_Rd_tmp_L0
0x0001       [1]    ispunct_rslt_L0
0x0001       [1]    FLASH_Write_32_i_L0
0x0001       [1]    __Lib_PS2_Wait_Falling_nsample_L0
0x0001       [1]    R1
0x0001       [2]    FLASH_Read_N_Bytes_i_L0
0x0001       [1]    __Lib_USB_genHID_?FLOC____Lib_USB_genHID_USB_Handle_BusyT1
0x0002       [2]    memset_pp_L0
0x0002       [2]    strlen_cp_L0
0x0002       [2]    memcpy_dd_L0
0x0002       [1]    __Lib_USB_genHID_USB_CtrlTrf_Rx_Service_byteToRead_L0
0x0002       [1]    FLASH_Erase_Write_64_j_L0
0x0002       [1]    FLASH_Write_32_SaveINTCON_L0
0x0002       [2]    memchr_s_L0
0x0002       [1]    R2
0x0003       [2]    __Lib_USB_genHID_USB_CtrlTrf_Tx_Service_byteToSend_L0
0x0003       [2]    __Lib_MmcFat16_f16_toInt_l_L0
0x0003       [2]    send_data_t_L0
0x0003       [2]    Ltrim_original_L0
0x0003       [2]    memmove_tt_L0
0x0003       [1]    R3
0x0003       [1]    __Lib_USB_genHID_USB_CtrlTrf_Rx_Service_i_L0
0x0003       [1]    FLASH_Erase_Write_64_SaveINTCON_L0
0x0003       [1]    __Lib_Sprinti_?FLOC____Lib_Sprinti_Do_FillT29
0x0004       [1]    R4
0x0004       [2]    strncat_cp_L0
0x0004       [1]    __Lib_Sprinti_?FLOC____Lib_Sprinti_Do_FillT40
0x0004       [2]    strcpy_cp_L0
0x0004       [2]    __Lib_USB_genHID_USB_Get_Status_Handler_p_L2
0x0004       [1]    __Lib_USB_genHID_GetMaxIndexInDevDsc_index_L0
0x0004       [2]    strcat_cp_L0
0x0004       [2]    strncpy_cp_L0
0x0004       [2]    __Lib_USB_genHID_USB_Transfer_Packet_handle_L0
0x0004       [2]    memcpy_ss_L0
0x0004       [2]    frexp_pom_L0
0x0004       [2]    __Lib_USB_genHID_USB_Std_Feature_Req_Handler_p_L0
0x0005       [1]    R5
0x0005       [2]    __Lib_USB_genHID_USB_Configure_Endpoint_handle_L0
0x0005       [2]    Ltrim_p_L0
0x0005       [1]    __Lib_Sprinti_?FLOC____Lib_Sprinti_Do_FillT54
0x0005       [2]    memmove_ff_L0
0x0005       [2]    LongWordToHex_input_half_L0
0x0005       [2]    LongIntToHex_input_half_L0
0x0006       [1]    __Lib_Sprinti_?FLOC____Lib_Sprinti_Do_FillT69
0x0006       [2]    __Lib_USB_genHID_GetMaxIndexInConfigDsc_totalLen_L0
0x0006       [1]    R6
0x0007       [1]    R7
0x0008       [3]    __Lib_USB_genHID_GetMaxIndexInConfigDsc_ptr_L0
0x0008       [1]    R8
0x0009       [4]    __Lib_MmcFat16_f16_toLong_l_L0
0x0009       [1]    R9
0x000A       [1]    R10
0x000B       [1]    R11
0x000C       [1]    R12
0x000D       [1]    R13
0x000E       [1]    R14
0x000F       [1]    R15
0x0010       [1]    R16
0x0011       [1]    R17
0x0012       [1]    R18
0x0013       [1]    R19
0x0014       [1]    R20
0x0015       [1]    _shift_step
0x0016      [16]    _DisplayBuffer
0x0026      [10]    _message
0x0030       [1]    _index
0x0031       [1]    _ShiftAmount
0x0032       [2]    _speed
0x0034       [1]    _temp
0x0035       [1]    _scroll
0x0036       [1]    _k
0x0037       [1]    _StringLength
0x0038       [1]    _l
0x0039       [6]    FLOC__main
0x003F       [1]    FARG_ADC_Read_channel
0x003F       [2]    FARG_strlen_s
0x003F       [2]    FARG_send_data_temp
0x0041       [2]    send_data_Mask_L0
0x0F81       [1]    PORTB
0x0F82       [0]    RC6_bit
0x0F82       [0]    SH_Clk
0x0F82       [0]    RC2_bit
0x0F82       [0]    RC7_bit
0x0F82       [0]    ST_Clk
0x0F82       [0]    Serial_Data
0x0F92       [1]    TRISA
0x0F93       [1]    TRISB
0x0F94       [1]    TRISC
0x0FB4       [1]    CMCON
0x0FC0       [1]    ADCON2
0x0FC1       [1]    ADCON1
0x0FC2       [1]    ADCON0
0x0FC3       [1]    ADRESL
0x0FC4       [1]    ADRESH
0x0FD8       [1]    STATUS
0x0FD9       [1]    FSR2L
0x0FDA       [1]    FSR2H
0x0FDE       [1]    POSTINC2
0x0FE0       [1]    BSR
0x0FE1       [1]    FSR1L
0x0FE2       [1]    FSR1H
0x0FE4       [1]    PREINC1
0x0FE6       [1]    POSTINC1
0x0FE7       [1]    INDF1
0x0FE8       [1]    WREG
0x0FE9       [1]    FSR0L
0x0FEA       [1]    FSR0H
0x0FEE       [1]    POSTINC0
0x0FF3       [1]    PRODL
0x0FF4       [1]    PRODH
0x0FF5       [1]    TABLAT
0x0FF6       [1]    TBLPTRL
0x0FF7       [1]    TBLPTRH
0x0FF8       [1]    TBLPTRU
//** Constants locations ** 
//ADDRESS    SIZE    CONSTANT
//----------------------------------------------
0x047A     [760]    _CharData
0x0772       [1]    ?ICS_shift_step
0x0773      [16]    ?ICS_DisplayBuffer
0x0783      [10]    ?ICS_message
//** Label List: ** 
//----------------------------------------------
  L_send_data0
  L_send_data1
  L_send_data2
  L_send_data3
  L_send_data4
  L_main5
  L_main6
  L_main7
  L_main8
  L_main9
  L_main10
  L_main11
  L_main12
  L_main13
  L_main14
  L_main15
  L_main16
  L_main17
  L_main18
  L_main19
  L_main20
  L_main21
  L_main22
  L_main23
  L_main24
  L_main25
  L_main26
  L_main27
  L_end_send_data
  _send_data
  L__send_data29
  L__send_data30
  L_end_main
  _main
  L__main32
  L__main33
  L__main34
  L__main35
  L__main36
  L__main37
  L__main38
  L_ADC_Get_Sample0
  L_ADC_Get_Sample1
  L_ADC_Read2
  L_ADC_Read3
  L_end_ADC_Init
  _ADC_Init
  L_end_ADC_Get_Sample
  _ADC_Get_Sample
  L_end_ADC_Read
  _ADC_Read
  L_memchr0
  L_memchr1
  L_memchr2
  L_memchr3
  L_memcmp4
  L_memcmp5
  L_memcmp6
  L_memcpy7
  L_memcpy8
  L_memmove9
  L_memmove10
  L_memmove11
  L_memmove12
  L_memmove13
  L_memmove14
  L_memmove15
  L_memmove16
  L_memmove17
  L_memmove18
  L_memmove19
  L_memset20
  L_memset21
  L_strcat22
  L_strcat23
  L_strcat24
  L_strcat25
  L_strchr26
  L_strchr27
  L_strchr28
  L_strchr29
  L_strcmp30
  L_strcmp31
  L_strcmp32
  L_strcmp33
  L_strcpy34
  L_strcpy35
  L_strlen36
  L_strlen37
  L_strncat38
  L_strncat39
  L_strncat40
  L_strncat41
  L_strncat42
  L_strncat43
  L_strncat44
  L_strncpy45
  L_strncpy46
  L_strncpy47
  L_strncpy48
  L_strncpy49
  L_strspn50
  L_strspn51
  L_strspn52
  L_strspn53
  L_strcspn54
  L_strcspn55
  L_strcspn56
  L_strcspn57
  L_strncmp58
  L_strncmp59
  L_strncmp60
  L_strncmp61
  L_strncmp62
  L_strpbrk63
  L_strpbrk64
  L_strpbrk65
  L_strrchr66
  L_strrchr67
  L_strrchr68
  L_strrchr69
  L_strstr70
  L_strstr71
  L_strstr72
  L_strstr73
  L_strstr74
  L_strtok75
  L_strtok76
  L_strtok77
  L_strtok78
  L_strtok79
  L__memmove80
  L__strcmp81
  L__strncat82
  L__strspn83
  L__strcspn84
  L__strncmp85
  L__strstr86
  L_end_memchr
  _memchr
  L_end_memcmp
  _memcmp
  L__memcmp89
  L_end_memcpy
  _memcpy
  L_end_memmove
  _memmove
  L__memmove92
  L__memmove93
  L_end_memset
  _memset
  L_end_strcat
  _strcat
  L_end_strchr
  _strchr
  L_end_strcmp
  _strcmp
  L_end_strcpy
  _strcpy
  L_end_strlen
  _strlen
  L_end_strncat
  _strncat
  L__strncat101
  L_end_strncpy
  _strncpy
  L_end_strspn
  _strspn
  L__strspn104
  L_end_strcspn
  _strcspn
  L__strcspn106
  L_end_strncmp
  _strncmp
  L_end_strpbrk
  _strpbrk
  L_end_strrchr
  _strrchr
  L__strrchr110
  L_end_strstr
  _strstr
  L__strstr112
  L__strstr113
  L_end_strtok
  _strtok
  L__strtok115
  L_Delay_1us0
  L_Delay_10us1
  L_Delay_22us2
  L_Delay_50us3
  L_Delay_80us4
  L_Delay_500us5
  L_Delay_5500us6
  L_Delay_1ms7
  L_Delay_5ms8
  L_Delay_8ms9
  L_Delay_100ms10
  L_Delay_10ms11
  L_Delay_1sec12
  L____Boot_Delay4k13
  L____Boot_Delay8k14
  L____Boot_Delay12k15
  L____Boot_Delay16k16
  L____Boot_Delay24k17
  L____Boot_Delay32k18
  L____Boot_Delay48k19
  L____Boot_Delay64k20
  L____Boot_Delay128k21
  L_Delay_Cyc22
  L_Delay_Cyc23
  L_VDelay_ms24
  L_VDelay_ms25
  L_VDelay_ms26
  L_VDelay_Advanced_ms27
  L_VDelay_Advanced_ms28
  L_VDelay_Advanced_ms29
  L_end_Get_Fosc_kHz
  _Get_Fosc_kHz
  L_end_Delay_1us
  _Delay_1us
  L_end_Delay_10us
  _Delay_10us
  L_end_Delay_22us
  _Delay_22us
  L_end_Delay_50us
  _Delay_50us
  L_end_Delay_80us
  _Delay_80us
  L_end_Delay_500us
  _Delay_500us
  L_end_Delay_5500us
  _Delay_5500us
  L_end_Delay_1ms
  _Delay_1ms
  L_end_Delay_5ms
  _Delay_5ms
  L_end_Delay_8ms
  _Delay_8ms
  L_end_Delay_100ms
  _Delay_100ms
  L_end_Delay_10ms
  _Delay_10ms
  L_end_Delay_1sec
  _Delay_1sec
  L_end____Boot_Delay4k
  ____Boot_Delay4k
  L_end____Boot_Delay8k
  ____Boot_Delay8k
  L_end____Boot_Delay12k
  ____Boot_Delay12k
  L_end____Boot_Delay16k
  ____Boot_Delay16k
  L_end____Boot_Delay24k
  ____Boot_Delay24k
  L_end____Boot_Delay32k
  ____Boot_Delay32k
  L_end____Boot_Delay48k
  ____Boot_Delay48k
  L_end____Boot_Delay64k
  ____Boot_Delay64k
  L_end____Boot_Delay128k
  ____Boot_Delay128k
  L_end_Delay_Cyc
  _Delay_Cyc
  L_end_VDelay_ms
  _VDelay_ms
  L__VDelay_ms55
  L__VDelay_ms56
  L__VDelay_ms57
  L_end_VDelay_Advanced_ms
  _VDelay_Advanced_ms
  L__VDelay_Advanced_ms59
  L__VDelay_Advanced_ms60
  L__VDelay_Advanced_ms61
  L_Div_16x16_S0
  L_Div_16x16_S1
  LOOPS3232A
  SADD22LA
  SOK22LA
  SADD22L8
  SOK22L8
  LOOPS3232B
  SADD22LB
  SOK22LB
  SADD22L16
  SOK22L16
  LOOPS3232C
  SADD22LC
  SOK22LC
  SADD22L24
  SOK22L24
  LOOPS3232D
  SADD22LD
  SOK22LD
  SOK22L
  L_Div_32x32_S6
  L_Div_32x32_S7
  L_Div_32x32_S8
  L_Div_32x32_S9
  FXD3232S
  END_ALL
  CA3232S
  C3232SX
  C3232SX1
  C3232S
  C3232S2
  C3232SX4
  C3232SOK
  C3232SX3
  C3232SX2
  avoid_comfrem
  LOOPU3232A
  UADD22LA
  UOK22LA
  UADD22L8
  UOK22L8
  LOOPU3232B
  UADD22LB
  UOK22LB
  UADD22L16
  UOK22L16
  LOOPU3232C
  UADD22LC
  UOK22LC
  UADD22L24
  UOK22L24
  LOOPU3232D
  UADD22LD
  UOK22LD
  UOK22L
  _NEXT
  _EXIT2
  _LOOP
  _EXIT1
  _IF_FIRST
  _IF_SECOND
  _INVERCE_FIRST
  _MULT
  _INBERSE_SECOND
  _EXIT
  L_end_Div_8x8_U
  _Div_8x8_U
  L_end_Div_16x16_U
  _Div_16x16_U
  L_end_Div_16x16_S_L
  _Div_16x16_S_L
  L_end_Div_16x16_S
  _Div_16x16_S
  L_end_Div_8x8_S
  _Div_8x8_S
  L_end_Mul_8x8_S
  _Mul_8x8_S
  L_end_Mul_16x16_U
  _Mul_16x16_U
  L_end_Mul_16x16_S
  _Mul_16x16_S
  L_end_SDIV3232L
  _SDIV3232L
  L_end_COMFREM
  _COMFREM
  L_end_Div_32x32_S
  _Div_32x32_S
  L_end_Div_32x32_U
  _Div_32x32_U
  L_end_Mul_32x32_U
  _Mul_32x32_U
  L_end_Mul_32x32_S
  _Mul_32x32_S
  _CC2D_Loop1
  _CC2DL_Loop1
  L_loopCA2AWs
  L_loopCCA2AWs
  L_loopCS2Ss
  L_CS2Send
  L_loopCCS2Ss
  L_CCS2Send
  L_loopFZinSWs
  L_longjmp7
  L_end___CC2D
  ___CC2D
  L_end___CC2DW
  ___CC2DW
  L_end___CA2AW
  ___CA2AW
  L_end___CCA2AW
  ___CCA2AW
  L_end___CS2S
  ___CS2S
  L_end___CCS2S
  ___CCS2S
  L_end___FZinS
  ___FZinS
  L_end_____DoIFC
  _____DoIFC
  L_end_Swap
  _Swap
  L_end_setjmp
  _setjmp
  L_end_longjmp
  _longjmp
